[06-Jul-2025 14:30:12 UTC] InterSoccer: Included includes/elementor-widgets.php
[06-Jul-2025 14:30:12 UTC] InterSoccer: Included includes/woocommerce-modifications.php
[06-Jul-2025 14:30:12 UTC] InterSoccer: Included includes/admin-product-fields.php
[06-Jul-2025 14:30:12 UTC] InterSoccer: ajax-handlers.php loaded
[06-Jul-2025 14:30:12 UTC] InterSoccer: Included includes/ajax-handlers.php
[06-Jul-2025 14:30:12 UTC] InterSoccer: checkout.php file loaded
[06-Jul-2025 14:30:12 UTC] InterSoccer: Included includes/checkout.php
[06-Jul-2025 14:30:12 UTC] InterSoccer: Loading intersoccer-reports-rosters.php at 2025-07-06 16:30:12
[06-Jul-2025 14:30:12 UTC] InterSoccer: Successfully included includes/event-reports.php from /var/www/intersoccer.legit.ninja/wp-content/plugins/reports-rosters/includes/event-reports.php
[06-Jul-2025 14:30:12 UTC] InterSoccer: Successfully included includes/reports.php from /var/www/intersoccer.legit.ninja/wp-content/plugins/reports-rosters/includes/reports.php
[06-Jul-2025 14:30:12 UTC] InterSoccer: Loaded utils.php
[06-Jul-2025 14:30:12 UTC] InterSoccer: Successfully included includes/utils.php from /var/www/intersoccer.legit.ninja/wp-content/plugins/reports-rosters/includes/utils.php
[06-Jul-2025 14:30:12 UTC] InterSoccer: Successfully included includes/rosters.php from /var/www/intersoccer.legit.ninja/wp-content/plugins/reports-rosters/includes/rosters.php
[06-Jul-2025 14:30:12 UTC] InterSoccer: Successfully included includes/roster-data.php from /var/www/intersoccer.legit.ninja/wp-content/plugins/reports-rosters/includes/roster-data.php
[06-Jul-2025 14:30:12 UTC] InterSoccer: Successfully included includes/roster-details.php from /var/www/intersoccer.legit.ninja/wp-content/plugins/reports-rosters/includes/roster-details.php
[06-Jul-2025 14:30:12 UTC] InterSoccer: Successfully included includes/roster-export.php from /var/www/intersoccer.legit.ninja/wp-content/plugins/reports-rosters/includes/roster-export.php
[06-Jul-2025 14:30:12 UTC] InterSoccer: Successfully included includes/advanced.php from /var/www/intersoccer.legit.ninja/wp-content/plugins/reports-rosters/includes/advanced.php
[06-Jul-2025 14:30:12 UTC] InterSoccer: Successfully included includes/ajax-handlers.php from /var/www/intersoccer.legit.ninja/wp-content/plugins/reports-rosters/includes/ajax-handlers.php
[06-Jul-2025 14:30:12 UTC] InterSoccer: Registered manage-players endpoint
[06-Jul-2025 14:30:12 UTC] InterSoccer: Included includes/elementor-widgets.php
[06-Jul-2025 14:30:12 UTC] InterSoccer: Included includes/woocommerce-modifications.php
[06-Jul-2025 14:30:12 UTC] InterSoccer: Included includes/admin-product-fields.php
[06-Jul-2025 14:30:12 UTC] InterSoccer: ajax-handlers.php loaded
[06-Jul-2025 14:30:12 UTC] InterSoccer: Included includes/ajax-handlers.php
[06-Jul-2025 14:30:12 UTC] InterSoccer: checkout.php file loaded
[06-Jul-2025 14:30:12 UTC] InterSoccer: Included includes/checkout.php
[06-Jul-2025 14:30:12 UTC] InterSoccer: Loading intersoccer-reports-rosters.php at 2025-07-06 16:30:12
[06-Jul-2025 14:30:12 UTC] InterSoccer: Successfully included includes/event-reports.php from /var/www/intersoccer.legit.ninja/wp-content/plugins/reports-rosters/includes/event-reports.php
[06-Jul-2025 14:30:12 UTC] InterSoccer: Successfully included includes/reports.php from /var/www/intersoccer.legit.ninja/wp-content/plugins/reports-rosters/includes/reports.php
[06-Jul-2025 14:30:12 UTC] InterSoccer: Loaded utils.php
[06-Jul-2025 14:30:12 UTC] InterSoccer: Successfully included includes/utils.php from /var/www/intersoccer.legit.ninja/wp-content/plugins/reports-rosters/includes/utils.php
[06-Jul-2025 14:30:12 UTC] InterSoccer: Successfully included includes/rosters.php from /var/www/intersoccer.legit.ninja/wp-content/plugins/reports-rosters/includes/rosters.php
[06-Jul-2025 14:30:12 UTC] InterSoccer: Successfully included includes/roster-data.php from /var/www/intersoccer.legit.ninja/wp-content/plugins/reports-rosters/includes/roster-data.php
[06-Jul-2025 14:30:12 UTC] InterSoccer: Successfully included includes/roster-details.php from /var/www/intersoccer.legit.ninja/wp-content/plugins/reports-rosters/includes/roster-details.php
[06-Jul-2025 14:30:12 UTC] InterSoccer: Successfully included includes/roster-export.php from /var/www/intersoccer.legit.ninja/wp-content/plugins/reports-rosters/includes/roster-export.php
[06-Jul-2025 14:30:12 UTC] InterSoccer: Successfully included includes/advanced.php from /var/www/intersoccer.legit.ninja/wp-content/plugins/reports-rosters/includes/advanced.php
[06-Jul-2025 14:30:12 UTC] InterSoccer: Successfully included includes/ajax-handlers.php from /var/www/intersoccer.legit.ninja/wp-content/plugins/reports-rosters/includes/ajax-handlers.php
[06-Jul-2025 14:30:12 UTC] InterSoccer: Registered manage-players endpoint
[06-Jul-2025 14:30:12 UTC] InterSoccer: Included includes/elementor-widgets.php
[06-Jul-2025 14:30:12 UTC] InterSoccer: Included includes/woocommerce-modifications.php
[06-Jul-2025 14:30:12 UTC] InterSoccer: Included includes/admin-product-fields.php
[06-Jul-2025 14:30:12 UTC] InterSoccer: ajax-handlers.php loaded
[06-Jul-2025 14:30:12 UTC] InterSoccer: Included includes/ajax-handlers.php
[06-Jul-2025 14:30:12 UTC] InterSoccer: checkout.php file loaded
[06-Jul-2025 14:30:12 UTC] InterSoccer: Included includes/checkout.php
[06-Jul-2025 14:30:12 UTC] InterSoccer: Loading intersoccer-reports-rosters.php at 2025-07-06 16:30:12
[06-Jul-2025 14:30:12 UTC] InterSoccer: Successfully included includes/event-reports.php from /var/www/intersoccer.legit.ninja/wp-content/plugins/reports-rosters/includes/event-reports.php
[06-Jul-2025 14:30:12 UTC] InterSoccer: Successfully included includes/reports.php from /var/www/intersoccer.legit.ninja/wp-content/plugins/reports-rosters/includes/reports.php
[06-Jul-2025 14:30:12 UTC] InterSoccer: Loaded utils.php
[06-Jul-2025 14:30:12 UTC] InterSoccer: Successfully included includes/utils.php from /var/www/intersoccer.legit.ninja/wp-content/plugins/reports-rosters/includes/utils.php
[06-Jul-2025 14:30:12 UTC] InterSoccer: Successfully included includes/rosters.php from /var/www/intersoccer.legit.ninja/wp-content/plugins/reports-rosters/includes/rosters.php
[06-Jul-2025 14:30:12 UTC] InterSoccer: Successfully included includes/roster-data.php from /var/www/intersoccer.legit.ninja/wp-content/plugins/reports-rosters/includes/roster-data.php
[06-Jul-2025 14:30:12 UTC] InterSoccer: Successfully included includes/roster-details.php from /var/www/intersoccer.legit.ninja/wp-content/plugins/reports-rosters/includes/roster-details.php
[06-Jul-2025 14:30:12 UTC] InterSoccer: Successfully included includes/roster-export.php from /var/www/intersoccer.legit.ninja/wp-content/plugins/reports-rosters/includes/roster-export.php
[06-Jul-2025 14:30:13 UTC] InterSoccer: Successfully included includes/advanced.php from /var/www/intersoccer.legit.ninja/wp-content/plugins/reports-rosters/includes/advanced.php
[06-Jul-2025 14:30:13 UTC] InterSoccer: Successfully included includes/ajax-handlers.php from /var/www/intersoccer.legit.ninja/wp-content/plugins/reports-rosters/includes/ajax-handlers.php
[06-Jul-2025 14:30:13 UTC] InterSoccer: Registered manage-players endpoint
[06-Jul-2025 14:30:13 UTC] InterSoccer: Generated nonce for intersoccer_nonce: 944ae246cc
[06-Jul-2025 14:30:14 UTC] InterSoccer: Included includes/elementor-widgets.php
[06-Jul-2025 14:30:14 UTC] InterSoccer: Included includes/woocommerce-modifications.php
[06-Jul-2025 14:30:14 UTC] InterSoccer: Included includes/admin-product-fields.php
[06-Jul-2025 14:30:14 UTC] InterSoccer: ajax-handlers.php loaded
[06-Jul-2025 14:30:14 UTC] InterSoccer: Included includes/ajax-handlers.php
[06-Jul-2025 14:30:14 UTC] InterSoccer: checkout.php file loaded
[06-Jul-2025 14:30:14 UTC] InterSoccer: Included includes/checkout.php
[06-Jul-2025 14:30:14 UTC] InterSoccer: Loading intersoccer-reports-rosters.php at 2025-07-06 16:30:14
[06-Jul-2025 14:30:14 UTC] InterSoccer: Successfully included includes/event-reports.php from /var/www/intersoccer.legit.ninja/wp-content/plugins/reports-rosters/includes/event-reports.php
[06-Jul-2025 14:30:14 UTC] InterSoccer: Successfully included includes/reports.php from /var/www/intersoccer.legit.ninja/wp-content/plugins/reports-rosters/includes/reports.php
[06-Jul-2025 14:30:14 UTC] InterSoccer: Loaded utils.php
[06-Jul-2025 14:30:14 UTC] InterSoccer: Successfully included includes/utils.php from /var/www/intersoccer.legit.ninja/wp-content/plugins/reports-rosters/includes/utils.php
[06-Jul-2025 14:30:14 UTC] InterSoccer: Successfully included includes/rosters.php from /var/www/intersoccer.legit.ninja/wp-content/plugins/reports-rosters/includes/rosters.php
[06-Jul-2025 14:30:14 UTC] InterSoccer: Successfully included includes/roster-data.php from /var/www/intersoccer.legit.ninja/wp-content/plugins/reports-rosters/includes/roster-data.php
[06-Jul-2025 14:30:14 UTC] InterSoccer: Successfully included includes/roster-details.php from /var/www/intersoccer.legit.ninja/wp-content/plugins/reports-rosters/includes/roster-details.php
[06-Jul-2025 14:30:14 UTC] InterSoccer: Successfully included includes/roster-export.php from /var/www/intersoccer.legit.ninja/wp-content/plugins/reports-rosters/includes/roster-export.php
[06-Jul-2025 14:30:14 UTC] InterSoccer: Successfully included includes/advanced.php from /var/www/intersoccer.legit.ninja/wp-content/plugins/reports-rosters/includes/advanced.php
[06-Jul-2025 14:30:14 UTC] InterSoccer: Successfully included includes/ajax-handlers.php from /var/www/intersoccer.legit.ninja/wp-content/plugins/reports-rosters/includes/ajax-handlers.php
[06-Jul-2025 14:30:14 UTC] InterSoccer: Registered manage-players endpoint
[06-Jul-2025 14:30:14 UTC] InterSoccer: Included includes/elementor-widgets.php
[06-Jul-2025 14:30:14 UTC] InterSoccer: Included includes/woocommerce-modifications.php
[06-Jul-2025 14:30:14 UTC] InterSoccer: Included includes/admin-product-fields.php
[06-Jul-2025 14:30:14 UTC] InterSoccer: ajax-handlers.php loaded
[06-Jul-2025 14:30:14 UTC] InterSoccer: Included includes/ajax-handlers.php
[06-Jul-2025 14:30:14 UTC] InterSoccer: checkout.php file loaded
[06-Jul-2025 14:30:14 UTC] InterSoccer: Included includes/checkout.php
[06-Jul-2025 14:30:14 UTC] InterSoccer: Loading intersoccer-reports-rosters.php at 2025-07-06 16:30:14
[06-Jul-2025 14:30:14 UTC] InterSoccer: Successfully included includes/event-reports.php from /var/www/intersoccer.legit.ninja/wp-content/plugins/reports-rosters/includes/event-reports.php
[06-Jul-2025 14:30:14 UTC] InterSoccer: Successfully included includes/reports.php from /var/www/intersoccer.legit.ninja/wp-content/plugins/reports-rosters/includes/reports.php
[06-Jul-2025 14:30:14 UTC] InterSoccer: Loaded utils.php
[06-Jul-2025 14:30:14 UTC] InterSoccer: Successfully included includes/utils.php from /var/www/intersoccer.legit.ninja/wp-content/plugins/reports-rosters/includes/utils.php
[06-Jul-2025 14:30:14 UTC] InterSoccer: Successfully included includes/rosters.php from /var/www/intersoccer.legit.ninja/wp-content/plugins/reports-rosters/includes/rosters.php
[06-Jul-2025 14:30:14 UTC] InterSoccer: Successfully included includes/roster-data.php from /var/www/intersoccer.legit.ninja/wp-content/plugins/reports-rosters/includes/roster-data.php
[06-Jul-2025 14:30:14 UTC] InterSoccer: Successfully included includes/roster-details.php from /var/www/intersoccer.legit.ninja/wp-content/plugins/reports-rosters/includes/roster-details.php
[06-Jul-2025 14:30:14 UTC] InterSoccer: Successfully included includes/roster-export.php from /var/www/intersoccer.legit.ninja/wp-content/plugins/reports-rosters/includes/roster-export.php
[06-Jul-2025 14:30:14 UTC] InterSoccer: Successfully included includes/advanced.php from /var/www/intersoccer.legit.ninja/wp-content/plugins/reports-rosters/includes/advanced.php
[06-Jul-2025 14:30:14 UTC] InterSoccer: Successfully included includes/ajax-handlers.php from /var/www/intersoccer.legit.ninja/wp-content/plugins/reports-rosters/includes/ajax-handlers.php
[06-Jul-2025 14:30:14 UTC] InterSoccer: Registered manage-players endpoint
[06-Jul-2025 14:30:15 UTC] InterSoccer: Generated nonce for intersoccer_nonce: 39a6edb0a6
[06-Jul-2025 14:30:15 UTC] InterSoccer: Included includes/elementor-widgets.php
[06-Jul-2025 14:30:15 UTC] InterSoccer: Included includes/woocommerce-modifications.php
[06-Jul-2025 14:30:15 UTC] InterSoccer: Included includes/admin-product-fields.php
[06-Jul-2025 14:30:15 UTC] InterSoccer: ajax-handlers.php loaded
[06-Jul-2025 14:30:15 UTC] InterSoccer: Included includes/ajax-handlers.php
[06-Jul-2025 14:30:15 UTC] InterSoccer: checkout.php file loaded
[06-Jul-2025 14:30:15 UTC] InterSoccer: Included includes/checkout.php
[06-Jul-2025 14:30:15 UTC] InterSoccer: Loading intersoccer-reports-rosters.php at 2025-07-06 16:30:15
[06-Jul-2025 14:30:15 UTC] InterSoccer: Successfully included includes/event-reports.php from /var/www/intersoccer.legit.ninja/wp-content/plugins/reports-rosters/includes/event-reports.php
[06-Jul-2025 14:30:15 UTC] InterSoccer: Successfully included includes/reports.php from /var/www/intersoccer.legit.ninja/wp-content/plugins/reports-rosters/includes/reports.php
[06-Jul-2025 14:30:15 UTC] InterSoccer: Loaded utils.php
[06-Jul-2025 14:30:15 UTC] InterSoccer: Successfully included includes/utils.php from /var/www/intersoccer.legit.ninja/wp-content/plugins/reports-rosters/includes/utils.php
[06-Jul-2025 14:30:15 UTC] InterSoccer: Successfully included includes/rosters.php from /var/www/intersoccer.legit.ninja/wp-content/plugins/reports-rosters/includes/rosters.php
[06-Jul-2025 14:30:15 UTC] InterSoccer: Successfully included includes/roster-data.php from /var/www/intersoccer.legit.ninja/wp-content/plugins/reports-rosters/includes/roster-data.php
[06-Jul-2025 14:30:15 UTC] InterSoccer: Successfully included includes/roster-details.php from /var/www/intersoccer.legit.ninja/wp-content/plugins/reports-rosters/includes/roster-details.php
[06-Jul-2025 14:30:15 UTC] InterSoccer: Successfully included includes/roster-export.php from /var/www/intersoccer.legit.ninja/wp-content/plugins/reports-rosters/includes/roster-export.php
[06-Jul-2025 14:30:15 UTC] InterSoccer: Successfully included includes/advanced.php from /var/www/intersoccer.legit.ninja/wp-content/plugins/reports-rosters/includes/advanced.php
[06-Jul-2025 14:30:15 UTC] InterSoccer: Successfully included includes/ajax-handlers.php from /var/www/intersoccer.legit.ninja/wp-content/plugins/reports-rosters/includes/ajax-handlers.php
[06-Jul-2025 14:30:15 UTC] InterSoccer: Registered manage-players endpoint
[06-Jul-2025 14:30:15 UTC] InterSoccer: Generated nonce for intersoccer_nonce: 39a6edb0a6
[06-Jul-2025 14:30:15 UTC] InterSoccer: Localizing intersoccerPlayer data: {"ajax_url":"https:\/\/intersoccer.legit.ninja\/wp-admin\/admin-ajax.php","nonce":"238e257e5d","user_id":831,"is_admin":"0","nonce_refresh_url":"https:\/\/intersoccer.legit.ninja\/wp-admin\/admin-ajax.php?action=intersoccer_refresh_nonce","debug":"1","preload_players":[],"server_time":"2025-07-06 16:30:15"}
[06-Jul-2025 14:30:15 UTC] InterSoccer: Triggered woocommerce_account_manage-players_endpoint
[06-Jul-2025 14:30:15 UTC] InterSoccer: Rendering player management form, is_admin: false, endpoint: /my-account/manage-players/
[06-Jul-2025 14:30:18 UTC] InterSoccer: Included includes/elementor-widgets.php
[06-Jul-2025 14:30:18 UTC] InterSoccer: Included includes/woocommerce-modifications.php
[06-Jul-2025 14:30:18 UTC] InterSoccer: Included includes/admin-product-fields.php
[06-Jul-2025 14:30:18 UTC] InterSoccer: ajax-handlers.php loaded
[06-Jul-2025 14:30:18 UTC] InterSoccer: Included includes/ajax-handlers.php
[06-Jul-2025 14:30:18 UTC] InterSoccer: checkout.php file loaded
[06-Jul-2025 14:30:18 UTC] InterSoccer: Included includes/checkout.php
[06-Jul-2025 14:30:18 UTC] InterSoccer: Loading intersoccer-reports-rosters.php at 2025-07-06 16:30:18
[06-Jul-2025 14:30:18 UTC] InterSoccer: Successfully included includes/event-reports.php from /var/www/intersoccer.legit.ninja/wp-content/plugins/reports-rosters/includes/event-reports.php
[06-Jul-2025 14:30:18 UTC] InterSoccer: Successfully included includes/reports.php from /var/www/intersoccer.legit.ninja/wp-content/plugins/reports-rosters/includes/reports.php
[06-Jul-2025 14:30:18 UTC] InterSoccer: Loaded utils.php
[06-Jul-2025 14:30:18 UTC] InterSoccer: Successfully included includes/utils.php from /var/www/intersoccer.legit.ninja/wp-content/plugins/reports-rosters/includes/utils.php
[06-Jul-2025 14:30:18 UTC] InterSoccer: Successfully included includes/rosters.php from /var/www/intersoccer.legit.ninja/wp-content/plugins/reports-rosters/includes/rosters.php
[06-Jul-2025 14:30:18 UTC] InterSoccer: Successfully included includes/roster-data.php from /var/www/intersoccer.legit.ninja/wp-content/plugins/reports-rosters/includes/roster-data.php
[06-Jul-2025 14:30:18 UTC] InterSoccer: Successfully included includes/roster-details.php from /var/www/intersoccer.legit.ninja/wp-content/plugins/reports-rosters/includes/roster-details.php
[06-Jul-2025 14:30:18 UTC] InterSoccer: Successfully included includes/roster-export.php from /var/www/intersoccer.legit.ninja/wp-content/plugins/reports-rosters/includes/roster-export.php
[06-Jul-2025 14:30:18 UTC] InterSoccer: Successfully included includes/advanced.php from /var/www/intersoccer.legit.ninja/wp-content/plugins/reports-rosters/includes/advanced.php
[06-Jul-2025 14:30:18 UTC] InterSoccer: Successfully included includes/ajax-handlers.php from /var/www/intersoccer.legit.ninja/wp-content/plugins/reports-rosters/includes/ajax-handlers.php
[06-Jul-2025 14:30:18 UTC] PHP Notice:  Function register_post_type was called <strong>incorrectly</strong>. Post type names must be between 1 and 20 characters in length. Please see <a href="https://developer.wordpress.org/advanced-administration/debug/debug-wordpress/">Debugging in WordPress</a> for more information. (This message was added in version 4.2.0.) in /var/www/intersoccer.legit.ninja/wp-includes/functions.php on line 6121
[06-Jul-2025 14:30:18 UTC] InterSoccer: Registered manage-players endpoint
[06-Jul-2025 14:30:18 UTC] InterSoccer: intersoccer_add_player called, nonce: 238e257e5d, user_id: 831
[06-Jul-2025 14:30:18 UTC] InterSoccer: Raw POST data: {"action":"intersoccer_add_player","nonce":"238e257e5d","user_id":"831","player_user_id":"831","player_first_name":"Sophie","player_last_name":"Schneider","player_dob":"2015-03-12","player_gender":"female","player_avs_number":"756.1234.5678.90","player_medical":"Allergic%20to%20peanuts","is_admin":"0"}
[06-Jul-2025 14:30:18 UTC] InterSoccer: Sanitizing name, raw input: Sophie
[06-Jul-2025 14:30:18 UTC] InterSoccer: PHP version: 8.3.6, PCRE Unicode support: enabled
[06-Jul-2025 14:30:18 UTC] InterSoccer: After wp_strip_all_tags: Sophie
[06-Jul-2025 14:30:18 UTC] InterSoccer: After mb_substr: Sophie
[06-Jul-2025 14:30:18 UTC] InterSoccer: Final sanitized name: Sophie
[06-Jul-2025 14:30:18 UTC] InterSoccer: Sanitizing name, raw input: Schneider
[06-Jul-2025 14:30:18 UTC] InterSoccer: PHP version: 8.3.6, PCRE Unicode support: enabled
[06-Jul-2025 14:30:18 UTC] InterSoccer: After wp_strip_all_tags: Schneider
[06-Jul-2025 14:30:18 UTC] InterSoccer: After mb_substr: Schneider
[06-Jul-2025 14:30:18 UTC] InterSoccer: Final sanitized name: Schneider
[06-Jul-2025 14:30:18 UTC] InterSoccer: Sanitized player input: {"user_id":831,"first_name_raw":"Sophie","first_name_sanitized":"Sophie","last_name_raw":"Schneider","last_name_sanitized":"Schneider","dob":"2015-03-12","gender":"female","avs_number":"756.1234.5678.90","medical":"Allergictopeanuts"}
[06-Jul-2025 14:30:18 UTC] InterSoccer: Saving player data: {"first_name":"Sophie","last_name":"Schneider","dob":"2015-03-12","gender":"female","avs_number":"756.1234.5678.90","medical_conditions":"Allergictopeanuts","creation_timestamp":1751819418,"event_count":0}
[06-Jul-2025 14:30:18 UTC] InterSoccer: Successfully updated meta for user 831, attempt 1
[06-Jul-2025 14:30:18 UTC] InterSoccer: Player added successfully
[06-Jul-2025 14:30:18 UTC] InterSoccer: Included includes/elementor-widgets.php
[06-Jul-2025 14:30:18 UTC] InterSoccer: Included includes/woocommerce-modifications.php
[06-Jul-2025 14:30:18 UTC] InterSoccer: Included includes/admin-product-fields.php
[06-Jul-2025 14:30:18 UTC] InterSoccer: ajax-handlers.php loaded
[06-Jul-2025 14:30:18 UTC] InterSoccer: Included includes/ajax-handlers.php
[06-Jul-2025 14:30:18 UTC] InterSoccer: checkout.php file loaded
[06-Jul-2025 14:30:18 UTC] InterSoccer: Included includes/checkout.php
[06-Jul-2025 14:30:18 UTC] InterSoccer: Loading intersoccer-reports-rosters.php at 2025-07-06 16:30:18
[06-Jul-2025 14:30:18 UTC] InterSoccer: Successfully included includes/event-reports.php from /var/www/intersoccer.legit.ninja/wp-content/plugins/reports-rosters/includes/event-reports.php
[06-Jul-2025 14:30:18 UTC] InterSoccer: Successfully included includes/reports.php from /var/www/intersoccer.legit.ninja/wp-content/plugins/reports-rosters/includes/reports.php
[06-Jul-2025 14:30:18 UTC] InterSoccer: Loaded utils.php
[06-Jul-2025 14:30:18 UTC] InterSoccer: Successfully included includes/utils.php from /var/www/intersoccer.legit.ninja/wp-content/plugins/reports-rosters/includes/utils.php
[06-Jul-2025 14:30:18 UTC] InterSoccer: Successfully included includes/rosters.php from /var/www/intersoccer.legit.ninja/wp-content/plugins/reports-rosters/includes/rosters.php
[06-Jul-2025 14:30:18 UTC] InterSoccer: Successfully included includes/roster-data.php from /var/www/intersoccer.legit.ninja/wp-content/plugins/reports-rosters/includes/roster-data.php
[06-Jul-2025 14:30:18 UTC] InterSoccer: Successfully included includes/roster-details.php from /var/www/intersoccer.legit.ninja/wp-content/plugins/reports-rosters/includes/roster-details.php
[06-Jul-2025 14:30:18 UTC] InterSoccer: Successfully included includes/roster-export.php from /var/www/intersoccer.legit.ninja/wp-content/plugins/reports-rosters/includes/roster-export.php
[06-Jul-2025 14:30:18 UTC] InterSoccer: Successfully included includes/advanced.php from /var/www/intersoccer.legit.ninja/wp-content/plugins/reports-rosters/includes/advanced.php
[06-Jul-2025 14:30:18 UTC] InterSoccer: Successfully included includes/ajax-handlers.php from /var/www/intersoccer.legit.ninja/wp-content/plugins/reports-rosters/includes/ajax-handlers.php
[06-Jul-2025 14:30:18 UTC] InterSoccer: Registered manage-players endpoint
[06-Jul-2025 14:30:18 UTC] InterSoccer: Generated nonce for intersoccer_nonce: 39a6edb0a6
[06-Jul-2025 14:30:18 UTC] InterSoccer: Localizing intersoccerPlayer data: {"ajax_url":"https:\/\/intersoccer.legit.ninja\/wp-admin\/admin-ajax.php","nonce":"238e257e5d","user_id":831,"is_admin":"0","nonce_refresh_url":"https:\/\/intersoccer.legit.ninja\/wp-admin\/admin-ajax.php?action=intersoccer_refresh_nonce","debug":"1","preload_players":[{"first_name":"Sophie","last_name":"Schneider","dob":"2015-03-12","gender":"female","avs_number":"756.1234.5678.90","event_count":0,"medical_conditions":"Allergictopeanuts","creation_timestamp":1751819418,"user_id":831,"canton":"","city":"","past_events":[]}],"server_time":"2025-07-06 16:30:18"}
[06-Jul-2025 14:30:18 UTC] InterSoccer: Triggered woocommerce_account_manage-players_endpoint
[06-Jul-2025 14:30:18 UTC] InterSoccer: Rendering player management form, is_admin: false, endpoint: /my-account/manage-players/
[06-Jul-2025 14:30:21 UTC] InterSoccer: Included includes/elementor-widgets.php
[06-Jul-2025 14:30:21 UTC] InterSoccer: Included includes/woocommerce-modifications.php
[06-Jul-2025 14:30:21 UTC] InterSoccer: Included includes/admin-product-fields.php
[06-Jul-2025 14:30:21 UTC] InterSoccer: ajax-handlers.php loaded
[06-Jul-2025 14:30:21 UTC] InterSoccer: Included includes/ajax-handlers.php
[06-Jul-2025 14:30:21 UTC] InterSoccer: checkout.php file loaded
[06-Jul-2025 14:30:21 UTC] InterSoccer: Included includes/checkout.php
[06-Jul-2025 14:30:21 UTC] InterSoccer: Loading intersoccer-reports-rosters.php at 2025-07-06 16:30:21
[06-Jul-2025 14:30:21 UTC] InterSoccer: Successfully included includes/event-reports.php from /var/www/intersoccer.legit.ninja/wp-content/plugins/reports-rosters/includes/event-reports.php
[06-Jul-2025 14:30:21 UTC] InterSoccer: Successfully included includes/reports.php from /var/www/intersoccer.legit.ninja/wp-content/plugins/reports-rosters/includes/reports.php
[06-Jul-2025 14:30:21 UTC] InterSoccer: Loaded utils.php
[06-Jul-2025 14:30:21 UTC] InterSoccer: Successfully included includes/utils.php from /var/www/intersoccer.legit.ninja/wp-content/plugins/reports-rosters/includes/utils.php
[06-Jul-2025 14:30:21 UTC] InterSoccer: Successfully included includes/rosters.php from /var/www/intersoccer.legit.ninja/wp-content/plugins/reports-rosters/includes/rosters.php
[06-Jul-2025 14:30:21 UTC] InterSoccer: Successfully included includes/roster-data.php from /var/www/intersoccer.legit.ninja/wp-content/plugins/reports-rosters/includes/roster-data.php
[06-Jul-2025 14:30:21 UTC] InterSoccer: Successfully included includes/roster-details.php from /var/www/intersoccer.legit.ninja/wp-content/plugins/reports-rosters/includes/roster-details.php
[06-Jul-2025 14:30:21 UTC] InterSoccer: Successfully included includes/roster-export.php from /var/www/intersoccer.legit.ninja/wp-content/plugins/reports-rosters/includes/roster-export.php
[06-Jul-2025 14:30:21 UTC] InterSoccer: Successfully included includes/advanced.php from /var/www/intersoccer.legit.ninja/wp-content/plugins/reports-rosters/includes/advanced.php
[06-Jul-2025 14:30:21 UTC] InterSoccer: Successfully included includes/ajax-handlers.php from /var/www/intersoccer.legit.ninja/wp-content/plugins/reports-rosters/includes/ajax-handlers.php
[06-Jul-2025 14:30:21 UTC] PHP Notice:  Function register_post_type was called <strong>incorrectly</strong>. Post type names must be between 1 and 20 characters in length. Please see <a href="https://developer.wordpress.org/advanced-administration/debug/debug-wordpress/">Debugging in WordPress</a> for more information. (This message was added in version 4.2.0.) in /var/www/intersoccer.legit.ninja/wp-includes/functions.php on line 6121
[06-Jul-2025 14:30:21 UTC] InterSoccer: Registered manage-players endpoint
[06-Jul-2025 14:30:21 UTC] InterSoccer: intersoccer_add_player called, nonce: 238e257e5d, user_id: 831
[06-Jul-2025 14:30:21 UTC] InterSoccer: Raw POST data: {"action":"intersoccer_add_player","nonce":"238e257e5d","user_id":"831","player_user_id":"831","player_first_name":"Noah","player_last_name":"Dubois","player_dob":"2017-06-19","player_gender":"male","player_avs_number":"756.1234.5678.91","player_medical":"None","is_admin":"0"}
[06-Jul-2025 14:30:21 UTC] InterSoccer: Sanitizing name, raw input: Noah
[06-Jul-2025 14:30:21 UTC] InterSoccer: PHP version: 8.3.6, PCRE Unicode support: enabled
[06-Jul-2025 14:30:21 UTC] InterSoccer: After wp_strip_all_tags: Noah
[06-Jul-2025 14:30:21 UTC] InterSoccer: After mb_substr: Noah
[06-Jul-2025 14:30:21 UTC] InterSoccer: Final sanitized name: Noah
[06-Jul-2025 14:30:21 UTC] InterSoccer: Sanitizing name, raw input: Dubois
[06-Jul-2025 14:30:21 UTC] InterSoccer: PHP version: 8.3.6, PCRE Unicode support: enabled
[06-Jul-2025 14:30:21 UTC] InterSoccer: After wp_strip_all_tags: Dubois
[06-Jul-2025 14:30:21 UTC] InterSoccer: After mb_substr: Dubois
[06-Jul-2025 14:30:21 UTC] InterSoccer: Final sanitized name: Dubois
[06-Jul-2025 14:30:21 UTC] InterSoccer: Sanitized player input: {"user_id":831,"first_name_raw":"Noah","first_name_sanitized":"Noah","last_name_raw":"Dubois","last_name_sanitized":"Dubois","dob":"2017-06-19","gender":"male","avs_number":"756.1234.5678.91","medical":"None"}
[06-Jul-2025 14:30:21 UTC] InterSoccer: Saving player data: {"first_name":"Noah","last_name":"Dubois","dob":"2017-06-19","gender":"male","avs_number":"756.1234.5678.91","medical_conditions":"None","creation_timestamp":1751819421,"event_count":0}
[06-Jul-2025 14:30:21 UTC] InterSoccer: Successfully updated meta for user 831, attempt 1
[06-Jul-2025 14:30:21 UTC] InterSoccer: Player added successfully
[06-Jul-2025 14:30:21 UTC] InterSoccer: Included includes/elementor-widgets.php
[06-Jul-2025 14:30:21 UTC] InterSoccer: Included includes/woocommerce-modifications.php
[06-Jul-2025 14:30:21 UTC] InterSoccer: Included includes/admin-product-fields.php
[06-Jul-2025 14:30:21 UTC] InterSoccer: ajax-handlers.php loaded
[06-Jul-2025 14:30:21 UTC] InterSoccer: Included includes/ajax-handlers.php
[06-Jul-2025 14:30:21 UTC] InterSoccer: checkout.php file loaded
[06-Jul-2025 14:30:21 UTC] InterSoccer: Included includes/checkout.php
[06-Jul-2025 14:30:21 UTC] InterSoccer: Loading intersoccer-reports-rosters.php at 2025-07-06 16:30:21
[06-Jul-2025 14:30:21 UTC] InterSoccer: Successfully included includes/event-reports.php from /var/www/intersoccer.legit.ninja/wp-content/plugins/reports-rosters/includes/event-reports.php
[06-Jul-2025 14:30:21 UTC] InterSoccer: Successfully included includes/reports.php from /var/www/intersoccer.legit.ninja/wp-content/plugins/reports-rosters/includes/reports.php
[06-Jul-2025 14:30:21 UTC] InterSoccer: Loaded utils.php
[06-Jul-2025 14:30:21 UTC] InterSoccer: Successfully included includes/utils.php from /var/www/intersoccer.legit.ninja/wp-content/plugins/reports-rosters/includes/utils.php
[06-Jul-2025 14:30:21 UTC] InterSoccer: Successfully included includes/rosters.php from /var/www/intersoccer.legit.ninja/wp-content/plugins/reports-rosters/includes/rosters.php
[06-Jul-2025 14:30:21 UTC] InterSoccer: Successfully included includes/roster-data.php from /var/www/intersoccer.legit.ninja/wp-content/plugins/reports-rosters/includes/roster-data.php
[06-Jul-2025 14:30:21 UTC] InterSoccer: Successfully included includes/roster-details.php from /var/www/intersoccer.legit.ninja/wp-content/plugins/reports-rosters/includes/roster-details.php
[06-Jul-2025 14:30:21 UTC] InterSoccer: Successfully included includes/roster-export.php from /var/www/intersoccer.legit.ninja/wp-content/plugins/reports-rosters/includes/roster-export.php
[06-Jul-2025 14:30:21 UTC] InterSoccer: Successfully included includes/advanced.php from /var/www/intersoccer.legit.ninja/wp-content/plugins/reports-rosters/includes/advanced.php
[06-Jul-2025 14:30:21 UTC] InterSoccer: Successfully included includes/ajax-handlers.php from /var/www/intersoccer.legit.ninja/wp-content/plugins/reports-rosters/includes/ajax-handlers.php
[06-Jul-2025 14:30:21 UTC] InterSoccer: Registered manage-players endpoint
[06-Jul-2025 14:30:21 UTC] InterSoccer: Generated nonce for intersoccer_nonce: 39a6edb0a6
[06-Jul-2025 14:30:21 UTC] InterSoccer: Localizing intersoccerPlayer data: {"ajax_url":"https:\/\/intersoccer.legit.ninja\/wp-admin\/admin-ajax.php","nonce":"238e257e5d","user_id":831,"is_admin":"0","nonce_refresh_url":"https:\/\/intersoccer.legit.ninja\/wp-admin\/admin-ajax.php?action=intersoccer_refresh_nonce","debug":"1","preload_players":[{"first_name":"Sophie","last_name":"Schneider","dob":"2015-03-12","gender":"female","avs_number":"756.1234.5678.90","event_count":0,"medical_conditions":"Allergictopeanuts","creation_timestamp":1751819418,"user_id":831,"canton":"","city":"","past_events":[]},{"first_name":"Noah","last_name":"Dubois","dob":"2017-06-19","gender":"male","avs_number":"756.1234.5678.91","event_count":0,"medical_conditions":"None","creation_timestamp":1751819421,"user_id":831,"canton":"","city":"","past_events":[]}],"server_time":"2025-07-06 16:30:21"}
[06-Jul-2025 14:30:22 UTC] InterSoccer: Triggered woocommerce_account_manage-players_endpoint
[06-Jul-2025 14:30:22 UTC] InterSoccer: Rendering player management form, is_admin: false, endpoint: /my-account/manage-players/
[06-Jul-2025 14:30:24 UTC] InterSoccer: Included includes/elementor-widgets.php
[06-Jul-2025 14:30:24 UTC] InterSoccer: Included includes/woocommerce-modifications.php
[06-Jul-2025 14:30:24 UTC] InterSoccer: Included includes/admin-product-fields.php
[06-Jul-2025 14:30:24 UTC] InterSoccer: ajax-handlers.php loaded
[06-Jul-2025 14:30:24 UTC] InterSoccer: Included includes/ajax-handlers.php
[06-Jul-2025 14:30:24 UTC] InterSoccer: checkout.php file loaded
[06-Jul-2025 14:30:24 UTC] InterSoccer: Included includes/checkout.php
[06-Jul-2025 14:30:24 UTC] InterSoccer: Loading intersoccer-reports-rosters.php at 2025-07-06 16:30:24
[06-Jul-2025 14:30:24 UTC] InterSoccer: Successfully included includes/event-reports.php from /var/www/intersoccer.legit.ninja/wp-content/plugins/reports-rosters/includes/event-reports.php
[06-Jul-2025 14:30:24 UTC] InterSoccer: Successfully included includes/reports.php from /var/www/intersoccer.legit.ninja/wp-content/plugins/reports-rosters/includes/reports.php
[06-Jul-2025 14:30:24 UTC] InterSoccer: Loaded utils.php
[06-Jul-2025 14:30:24 UTC] InterSoccer: Successfully included includes/utils.php from /var/www/intersoccer.legit.ninja/wp-content/plugins/reports-rosters/includes/utils.php
[06-Jul-2025 14:30:24 UTC] InterSoccer: Successfully included includes/rosters.php from /var/www/intersoccer.legit.ninja/wp-content/plugins/reports-rosters/includes/rosters.php
[06-Jul-2025 14:30:24 UTC] InterSoccer: Successfully included includes/roster-data.php from /var/www/intersoccer.legit.ninja/wp-content/plugins/reports-rosters/includes/roster-data.php
[06-Jul-2025 14:30:24 UTC] InterSoccer: Successfully included includes/roster-details.php from /var/www/intersoccer.legit.ninja/wp-content/plugins/reports-rosters/includes/roster-details.php
[06-Jul-2025 14:30:24 UTC] InterSoccer: Successfully included includes/roster-export.php from /var/www/intersoccer.legit.ninja/wp-content/plugins/reports-rosters/includes/roster-export.php
[06-Jul-2025 14:30:24 UTC] InterSoccer: Successfully included includes/advanced.php from /var/www/intersoccer.legit.ninja/wp-content/plugins/reports-rosters/includes/advanced.php
[06-Jul-2025 14:30:24 UTC] InterSoccer: Successfully included includes/ajax-handlers.php from /var/www/intersoccer.legit.ninja/wp-content/plugins/reports-rosters/includes/ajax-handlers.php
[06-Jul-2025 14:30:24 UTC] PHP Notice:  Function register_post_type was called <strong>incorrectly</strong>. Post type names must be between 1 and 20 characters in length. Please see <a href="https://developer.wordpress.org/advanced-administration/debug/debug-wordpress/">Debugging in WordPress</a> for more information. (This message was added in version 4.2.0.) in /var/www/intersoccer.legit.ninja/wp-includes/functions.php on line 6121
[06-Jul-2025 14:30:24 UTC] InterSoccer: Registered manage-players endpoint
[06-Jul-2025 14:30:24 UTC] InterSoccer: intersoccer_add_player called, nonce: 238e257e5d, user_id: 831
[06-Jul-2025 14:30:24 UTC] InterSoccer: Raw POST data: {"action":"intersoccer_add_player","nonce":"238e257e5d","user_id":"831","player_user_id":"831","player_first_name":"Emma","player_last_name":"Rossi","player_dob":"2016-09-25","player_gender":"female","player_avs_number":"756.1234.5678.92","player_medical":"Asthma%20-%20use%20inhaler%20as%20needed","is_admin":"0"}
[06-Jul-2025 14:30:24 UTC] InterSoccer: Sanitizing name, raw input: Emma
[06-Jul-2025 14:30:24 UTC] InterSoccer: PHP version: 8.3.6, PCRE Unicode support: enabled
[06-Jul-2025 14:30:24 UTC] InterSoccer: After wp_strip_all_tags: Emma
[06-Jul-2025 14:30:24 UTC] InterSoccer: After mb_substr: Emma
[06-Jul-2025 14:30:24 UTC] InterSoccer: Final sanitized name: Emma
[06-Jul-2025 14:30:24 UTC] InterSoccer: Sanitizing name, raw input: Rossi
[06-Jul-2025 14:30:24 UTC] InterSoccer: PHP version: 8.3.6, PCRE Unicode support: enabled
[06-Jul-2025 14:30:24 UTC] InterSoccer: After wp_strip_all_tags: Rossi
[06-Jul-2025 14:30:24 UTC] InterSoccer: After mb_substr: Rossi
[06-Jul-2025 14:30:24 UTC] InterSoccer: Final sanitized name: Rossi
[06-Jul-2025 14:30:24 UTC] InterSoccer: Sanitized player input: {"user_id":831,"first_name_raw":"Emma","first_name_sanitized":"Emma","last_name_raw":"Rossi","last_name_sanitized":"Rossi","dob":"2016-09-25","gender":"female","avs_number":"756.1234.5678.92","medical":"Asthma-useinhalerasneeded"}
[06-Jul-2025 14:30:24 UTC] InterSoccer: Saving player data: {"first_name":"Emma","last_name":"Rossi","dob":"2016-09-25","gender":"female","avs_number":"756.1234.5678.92","medical_conditions":"Asthma-useinhalerasneeded","creation_timestamp":1751819424,"event_count":0}
[06-Jul-2025 14:30:24 UTC] InterSoccer: Successfully updated meta for user 831, attempt 1
[06-Jul-2025 14:30:24 UTC] InterSoccer: Player added successfully
[06-Jul-2025 14:30:25 UTC] InterSoccer: Included includes/elementor-widgets.php
[06-Jul-2025 14:30:25 UTC] InterSoccer: Included includes/woocommerce-modifications.php
[06-Jul-2025 14:30:25 UTC] InterSoccer: Included includes/admin-product-fields.php
[06-Jul-2025 14:30:25 UTC] InterSoccer: ajax-handlers.php loaded
[06-Jul-2025 14:30:25 UTC] InterSoccer: Included includes/ajax-handlers.php
[06-Jul-2025 14:30:25 UTC] InterSoccer: checkout.php file loaded
[06-Jul-2025 14:30:25 UTC] InterSoccer: Included includes/checkout.php
[06-Jul-2025 14:30:25 UTC] InterSoccer: Loading intersoccer-reports-rosters.php at 2025-07-06 16:30:25
[06-Jul-2025 14:30:25 UTC] InterSoccer: Successfully included includes/event-reports.php from /var/www/intersoccer.legit.ninja/wp-content/plugins/reports-rosters/includes/event-reports.php
[06-Jul-2025 14:30:25 UTC] InterSoccer: Successfully included includes/reports.php from /var/www/intersoccer.legit.ninja/wp-content/plugins/reports-rosters/includes/reports.php
[06-Jul-2025 14:30:25 UTC] InterSoccer: Loaded utils.php
[06-Jul-2025 14:30:25 UTC] InterSoccer: Successfully included includes/utils.php from /var/www/intersoccer.legit.ninja/wp-content/plugins/reports-rosters/includes/utils.php
[06-Jul-2025 14:30:25 UTC] InterSoccer: Successfully included includes/rosters.php from /var/www/intersoccer.legit.ninja/wp-content/plugins/reports-rosters/includes/rosters.php
[06-Jul-2025 14:30:25 UTC] InterSoccer: Successfully included includes/roster-data.php from /var/www/intersoccer.legit.ninja/wp-content/plugins/reports-rosters/includes/roster-data.php
[06-Jul-2025 14:30:25 UTC] InterSoccer: Successfully included includes/roster-details.php from /var/www/intersoccer.legit.ninja/wp-content/plugins/reports-rosters/includes/roster-details.php
[06-Jul-2025 14:30:25 UTC] InterSoccer: Successfully included includes/roster-export.php from /var/www/intersoccer.legit.ninja/wp-content/plugins/reports-rosters/includes/roster-export.php
[06-Jul-2025 14:30:25 UTC] InterSoccer: Successfully included includes/advanced.php from /var/www/intersoccer.legit.ninja/wp-content/plugins/reports-rosters/includes/advanced.php
[06-Jul-2025 14:30:25 UTC] InterSoccer: Successfully included includes/ajax-handlers.php from /var/www/intersoccer.legit.ninja/wp-content/plugins/reports-rosters/includes/ajax-handlers.php
[06-Jul-2025 14:30:25 UTC] InterSoccer: Registered manage-players endpoint
[06-Jul-2025 14:30:25 UTC] InterSoccer: Generated nonce for intersoccer_nonce: 39a6edb0a6
[06-Jul-2025 14:30:25 UTC] InterSoccer: Localizing intersoccerPlayer data: {"ajax_url":"https:\/\/intersoccer.legit.ninja\/wp-admin\/admin-ajax.php","nonce":"238e257e5d","user_id":831,"is_admin":"0","nonce_refresh_url":"https:\/\/intersoccer.legit.ninja\/wp-admin\/admin-ajax.php?action=intersoccer_refresh_nonce","debug":"1","preload_players":[{"first_name":"Sophie","last_name":"Schneider","dob":"2015-03-12","gender":"female","avs_number":"756.1234.5678.90","event_count":0,"medical_conditions":"Allergictopeanuts","creation_timestamp":1751819418,"user_id":831,"canton":"","city":"","past_events":[]},{"first_name":"Noah","last_name":"Dubois","dob":"2017-06-19","gender":"male","avs_number":"756.1234.5678.91","event_count":0,"medical_conditions":"None","creation_timestamp":1751819421,"user_id":831,"canton":"","city":"","past_events":[]},{"first_name":"Emma","last_name":"Rossi","dob":"2016-09-25","gender":"female","avs_number":"756.1234.5678.92","event_count":0,"medical_conditions":"Asthma-useinhalerasneeded","creation_timestamp":1751819424,"user_id":831,"canton":"","city":"","past_events":[]}],"server_time":"2025-07-06 16:30:25"}
[06-Jul-2025 14:30:25 UTC] InterSoccer: Triggered woocommerce_account_manage-players_endpoint
[06-Jul-2025 14:30:25 UTC] InterSoccer: Rendering player management form, is_admin: false, endpoint: /my-account/manage-players/
[06-Jul-2025 14:30:27 UTC] InterSoccer: Included includes/elementor-widgets.php
[06-Jul-2025 14:30:27 UTC] InterSoccer: Included includes/woocommerce-modifications.php
[06-Jul-2025 14:30:27 UTC] InterSoccer: Included includes/admin-product-fields.php
[06-Jul-2025 14:30:27 UTC] InterSoccer: ajax-handlers.php loaded
[06-Jul-2025 14:30:27 UTC] InterSoccer: Included includes/ajax-handlers.php
[06-Jul-2025 14:30:27 UTC] InterSoccer: checkout.php file loaded
[06-Jul-2025 14:30:27 UTC] InterSoccer: Included includes/checkout.php
[06-Jul-2025 14:30:27 UTC] InterSoccer: Loading intersoccer-reports-rosters.php at 2025-07-06 16:30:27
[06-Jul-2025 14:30:27 UTC] InterSoccer: Successfully included includes/event-reports.php from /var/www/intersoccer.legit.ninja/wp-content/plugins/reports-rosters/includes/event-reports.php
[06-Jul-2025 14:30:27 UTC] InterSoccer: Successfully included includes/reports.php from /var/www/intersoccer.legit.ninja/wp-content/plugins/reports-rosters/includes/reports.php
[06-Jul-2025 14:30:27 UTC] InterSoccer: Loaded utils.php
[06-Jul-2025 14:30:27 UTC] InterSoccer: Successfully included includes/utils.php from /var/www/intersoccer.legit.ninja/wp-content/plugins/reports-rosters/includes/utils.php
[06-Jul-2025 14:30:27 UTC] InterSoccer: Successfully included includes/rosters.php from /var/www/intersoccer.legit.ninja/wp-content/plugins/reports-rosters/includes/rosters.php
[06-Jul-2025 14:30:27 UTC] InterSoccer: Successfully included includes/roster-data.php from /var/www/intersoccer.legit.ninja/wp-content/plugins/reports-rosters/includes/roster-data.php
[06-Jul-2025 14:30:27 UTC] InterSoccer: Successfully included includes/roster-details.php from /var/www/intersoccer.legit.ninja/wp-content/plugins/reports-rosters/includes/roster-details.php
[06-Jul-2025 14:30:27 UTC] InterSoccer: Successfully included includes/roster-export.php from /var/www/intersoccer.legit.ninja/wp-content/plugins/reports-rosters/includes/roster-export.php
[06-Jul-2025 14:30:27 UTC] InterSoccer: Successfully included includes/advanced.php from /var/www/intersoccer.legit.ninja/wp-content/plugins/reports-rosters/includes/advanced.php
[06-Jul-2025 14:30:27 UTC] InterSoccer: Successfully included includes/ajax-handlers.php from /var/www/intersoccer.legit.ninja/wp-content/plugins/reports-rosters/includes/ajax-handlers.php
[06-Jul-2025 14:30:28 UTC] PHP Notice:  Function register_post_type was called <strong>incorrectly</strong>. Post type names must be between 1 and 20 characters in length. Please see <a href="https://developer.wordpress.org/advanced-administration/debug/debug-wordpress/">Debugging in WordPress</a> for more information. (This message was added in version 4.2.0.) in /var/www/intersoccer.legit.ninja/wp-includes/functions.php on line 6121
[06-Jul-2025 14:30:28 UTC] InterSoccer: Registered manage-players endpoint
[06-Jul-2025 14:30:28 UTC] InterSoccer: Included includes/elementor-widgets.php
[06-Jul-2025 14:30:28 UTC] InterSoccer: Included includes/woocommerce-modifications.php
[06-Jul-2025 14:30:28 UTC] InterSoccer: Included includes/admin-product-fields.php
[06-Jul-2025 14:30:28 UTC] InterSoccer: ajax-handlers.php loaded
[06-Jul-2025 14:30:28 UTC] InterSoccer: Included includes/ajax-handlers.php
[06-Jul-2025 14:30:28 UTC] InterSoccer: checkout.php file loaded
[06-Jul-2025 14:30:28 UTC] InterSoccer: Included includes/checkout.php
[06-Jul-2025 14:30:28 UTC] InterSoccer: Loading intersoccer-reports-rosters.php at 2025-07-06 16:30:28
[06-Jul-2025 14:30:28 UTC] InterSoccer: Successfully included includes/event-reports.php from /var/www/intersoccer.legit.ninja/wp-content/plugins/reports-rosters/includes/event-reports.php
[06-Jul-2025 14:30:28 UTC] InterSoccer: Successfully included includes/reports.php from /var/www/intersoccer.legit.ninja/wp-content/plugins/reports-rosters/includes/reports.php
[06-Jul-2025 14:30:28 UTC] InterSoccer: Loaded utils.php
[06-Jul-2025 14:30:28 UTC] InterSoccer: Successfully included includes/utils.php from /var/www/intersoccer.legit.ninja/wp-content/plugins/reports-rosters/includes/utils.php
[06-Jul-2025 14:30:28 UTC] InterSoccer: Successfully included includes/rosters.php from /var/www/intersoccer.legit.ninja/wp-content/plugins/reports-rosters/includes/rosters.php
[06-Jul-2025 14:30:28 UTC] InterSoccer: Successfully included includes/roster-data.php from /var/www/intersoccer.legit.ninja/wp-content/plugins/reports-rosters/includes/roster-data.php
[06-Jul-2025 14:30:28 UTC] InterSoccer: Successfully included includes/roster-details.php from /var/www/intersoccer.legit.ninja/wp-content/plugins/reports-rosters/includes/roster-details.php
[06-Jul-2025 14:30:28 UTC] InterSoccer: Successfully included includes/roster-export.php from /var/www/intersoccer.legit.ninja/wp-content/plugins/reports-rosters/includes/roster-export.php
[06-Jul-2025 14:30:28 UTC] InterSoccer: Successfully included includes/advanced.php from /var/www/intersoccer.legit.ninja/wp-content/plugins/reports-rosters/includes/advanced.php
[06-Jul-2025 14:30:28 UTC] InterSoccer: Successfully included includes/ajax-handlers.php from /var/www/intersoccer.legit.ninja/wp-content/plugins/reports-rosters/includes/ajax-handlers.php
[06-Jul-2025 14:30:28 UTC] InterSoccer: Registered manage-players endpoint
[06-Jul-2025 14:30:28 UTC] InterSoccer: intersoccer_add_player called, nonce: 238e257e5d, user_id: 831
[06-Jul-2025 14:30:28 UTC] InterSoccer: Raw POST data: {"action":"intersoccer_add_player","nonce":"238e257e5d","user_id":"831","player_user_id":"831","player_first_name":"L%C3%A9on","player_last_name":"Moreau","player_dob":"2018-01-14","player_gender":"male","player_avs_number":"756.1234.5678.93","player_medical":"None","is_admin":"0"}
[06-Jul-2025 14:30:28 UTC] InterSoccer: Sanitizing name, raw input: L%C3%A9on
[06-Jul-2025 14:30:28 UTC] InterSoccer: PHP version: 8.3.6, PCRE Unicode support: enabled
[06-Jul-2025 14:30:28 UTC] InterSoccer: Name validation failed, input does not match pattern: /^[\p{L}\s\-']*$/u
[06-Jul-2025 14:30:28 UTC] InterSoccer: Sanitizing name, raw input: Moreau
[06-Jul-2025 14:30:28 UTC] InterSoccer: PHP version: 8.3.6, PCRE Unicode support: enabled
[06-Jul-2025 14:30:28 UTC] InterSoccer: After wp_strip_all_tags: Moreau
[06-Jul-2025 14:30:28 UTC] InterSoccer: After mb_substr: Moreau
[06-Jul-2025 14:30:28 UTC] InterSoccer: Final sanitized name: Moreau
[06-Jul-2025 14:30:28 UTC] InterSoccer: Sanitized player input: {"user_id":831,"first_name_raw":"L%C3%A9on","first_name_sanitized":"","last_name_raw":"Moreau","last_name_sanitized":"Moreau","dob":"2018-01-14","gender":"male","avs_number":"756.1234.5678.93","medical":"None"}
[06-Jul-2025 14:30:28 UTC] InterSoccer: Missing required fields
[06-Jul-2025 14:32:16 UTC] InterSoccer: Included includes/elementor-widgets.php
[06-Jul-2025 14:32:16 UTC] InterSoccer: Included includes/woocommerce-modifications.php
[06-Jul-2025 14:32:16 UTC] InterSoccer: Included includes/admin-product-fields.php
[06-Jul-2025 14:32:16 UTC] InterSoccer: ajax-handlers.php loaded
[06-Jul-2025 14:32:16 UTC] InterSoccer: Included includes/ajax-handlers.php
[06-Jul-2025 14:32:16 UTC] InterSoccer: checkout.php file loaded
[06-Jul-2025 14:32:16 UTC] InterSoccer: Included includes/checkout.php
[06-Jul-2025 14:32:16 UTC] InterSoccer: Loading intersoccer-reports-rosters.php at 2025-07-06 16:32:16
[06-Jul-2025 14:32:16 UTC] InterSoccer: Successfully included includes/event-reports.php from /var/www/intersoccer.legit.ninja/wp-content/plugins/reports-rosters/includes/event-reports.php
[06-Jul-2025 14:32:16 UTC] InterSoccer: Successfully included includes/reports.php from /var/www/intersoccer.legit.ninja/wp-content/plugins/reports-rosters/includes/reports.php
[06-Jul-2025 14:32:16 UTC] InterSoccer: Loaded utils.php
[06-Jul-2025 14:32:16 UTC] InterSoccer: Successfully included includes/utils.php from /var/www/intersoccer.legit.ninja/wp-content/plugins/reports-rosters/includes/utils.php
[06-Jul-2025 14:32:16 UTC] InterSoccer: Successfully included includes/rosters.php from /var/www/intersoccer.legit.ninja/wp-content/plugins/reports-rosters/includes/rosters.php
[06-Jul-2025 14:32:16 UTC] InterSoccer: Successfully included includes/roster-data.php from /var/www/intersoccer.legit.ninja/wp-content/plugins/reports-rosters/includes/roster-data.php
[06-Jul-2025 14:32:16 UTC] InterSoccer: Successfully included includes/roster-details.php from /var/www/intersoccer.legit.ninja/wp-content/plugins/reports-rosters/includes/roster-details.php
[06-Jul-2025 14:32:16 UTC] InterSoccer: Successfully included includes/roster-export.php from /var/www/intersoccer.legit.ninja/wp-content/plugins/reports-rosters/includes/roster-export.php
[06-Jul-2025 14:32:16 UTC] InterSoccer: Successfully included includes/advanced.php from /var/www/intersoccer.legit.ninja/wp-content/plugins/reports-rosters/includes/advanced.php
[06-Jul-2025 14:32:16 UTC] InterSoccer: Successfully included includes/ajax-handlers.php from /var/www/intersoccer.legit.ninja/wp-content/plugins/reports-rosters/includes/ajax-handlers.php
[06-Jul-2025 14:32:16 UTC] InterSoccer: Registered manage-players endpoint
[06-Jul-2025 14:32:16 UTC] InterSoccer: Included includes/elementor-widgets.php
[06-Jul-2025 14:32:16 UTC] InterSoccer: Included includes/woocommerce-modifications.php
[06-Jul-2025 14:32:16 UTC] InterSoccer: Included includes/admin-product-fields.php
[06-Jul-2025 14:32:16 UTC] InterSoccer: ajax-handlers.php loaded
[06-Jul-2025 14:32:16 UTC] InterSoccer: Included includes/ajax-handlers.php
[06-Jul-2025 14:32:16 UTC] InterSoccer: checkout.php file loaded
[06-Jul-2025 14:32:16 UTC] InterSoccer: Included includes/checkout.php
[06-Jul-2025 14:32:16 UTC] InterSoccer: Loading intersoccer-reports-rosters.php at 2025-07-06 16:32:16
[06-Jul-2025 14:32:16 UTC] InterSoccer: Successfully included includes/event-reports.php from /var/www/intersoccer.legit.ninja/wp-content/plugins/reports-rosters/includes/event-reports.php
[06-Jul-2025 14:32:16 UTC] InterSoccer: Successfully included includes/reports.php from /var/www/intersoccer.legit.ninja/wp-content/plugins/reports-rosters/includes/reports.php
[06-Jul-2025 14:32:16 UTC] InterSoccer: Loaded utils.php
[06-Jul-2025 14:32:16 UTC] InterSoccer: Successfully included includes/utils.php from /var/www/intersoccer.legit.ninja/wp-content/plugins/reports-rosters/includes/utils.php
[06-Jul-2025 14:32:16 UTC] InterSoccer: Successfully included includes/rosters.php from /var/www/intersoccer.legit.ninja/wp-content/plugins/reports-rosters/includes/rosters.php
[06-Jul-2025 14:32:16 UTC] InterSoccer: Successfully included includes/roster-data.php from /var/www/intersoccer.legit.ninja/wp-content/plugins/reports-rosters/includes/roster-data.php
[06-Jul-2025 14:32:16 UTC] InterSoccer: Successfully included includes/roster-details.php from /var/www/intersoccer.legit.ninja/wp-content/plugins/reports-rosters/includes/roster-details.php
[06-Jul-2025 14:32:16 UTC] InterSoccer: Successfully included includes/roster-export.php from /var/www/intersoccer.legit.ninja/wp-content/plugins/reports-rosters/includes/roster-export.php
[06-Jul-2025 14:32:16 UTC] InterSoccer: Successfully included includes/advanced.php from /var/www/intersoccer.legit.ninja/wp-content/plugins/reports-rosters/includes/advanced.php
[06-Jul-2025 14:32:16 UTC] InterSoccer: Successfully included includes/ajax-handlers.php from /var/www/intersoccer.legit.ninja/wp-content/plugins/reports-rosters/includes/ajax-handlers.php
[06-Jul-2025 14:32:16 UTC] InterSoccer: Registered manage-players endpoint
[06-Jul-2025 14:32:35 UTC] InterSoccer: Included includes/elementor-widgets.php
[06-Jul-2025 14:32:35 UTC] InterSoccer: Included includes/woocommerce-modifications.php
[06-Jul-2025 14:32:35 UTC] InterSoccer: Included includes/admin-product-fields.php
[06-Jul-2025 14:32:35 UTC] InterSoccer: ajax-handlers.php loaded
[06-Jul-2025 14:32:35 UTC] InterSoccer: Included includes/ajax-handlers.php
[06-Jul-2025 14:32:35 UTC] InterSoccer: checkout.php file loaded
[06-Jul-2025 14:32:35 UTC] InterSoccer: Included includes/checkout.php
[06-Jul-2025 14:32:35 UTC] InterSoccer: Loading intersoccer-reports-rosters.php at 2025-07-06 16:32:35
[06-Jul-2025 14:32:35 UTC] InterSoccer: Successfully included includes/event-reports.php from /var/www/intersoccer.legit.ninja/wp-content/plugins/reports-rosters/includes/event-reports.php
[06-Jul-2025 14:32:35 UTC] InterSoccer: Successfully included includes/reports.php from /var/www/intersoccer.legit.ninja/wp-content/plugins/reports-rosters/includes/reports.php
[06-Jul-2025 14:32:35 UTC] InterSoccer: Loaded utils.php
[06-Jul-2025 14:32:35 UTC] InterSoccer: Successfully included includes/utils.php from /var/www/intersoccer.legit.ninja/wp-content/plugins/reports-rosters/includes/utils.php
[06-Jul-2025 14:32:35 UTC] InterSoccer: Successfully included includes/rosters.php from /var/www/intersoccer.legit.ninja/wp-content/plugins/reports-rosters/includes/rosters.php
[06-Jul-2025 14:32:35 UTC] InterSoccer: Successfully included includes/roster-data.php from /var/www/intersoccer.legit.ninja/wp-content/plugins/reports-rosters/includes/roster-data.php
[06-Jul-2025 14:32:35 UTC] InterSoccer: Successfully included includes/roster-details.php from /var/www/intersoccer.legit.ninja/wp-content/plugins/reports-rosters/includes/roster-details.php
[06-Jul-2025 14:32:35 UTC] InterSoccer: Successfully included includes/roster-export.php from /var/www/intersoccer.legit.ninja/wp-content/plugins/reports-rosters/includes/roster-export.php
[06-Jul-2025 14:32:35 UTC] InterSoccer: Successfully included includes/advanced.php from /var/www/intersoccer.legit.ninja/wp-content/plugins/reports-rosters/includes/advanced.php
[06-Jul-2025 14:32:35 UTC] InterSoccer: Successfully included includes/ajax-handlers.php from /var/www/intersoccer.legit.ninja/wp-content/plugins/reports-rosters/includes/ajax-handlers.php
[06-Jul-2025 14:32:36 UTC] InterSoccer: Registered manage-players endpoint
[06-Jul-2025 14:32:36 UTC] InterSoccer: Included includes/elementor-widgets.php
[06-Jul-2025 14:32:36 UTC] InterSoccer: Included includes/woocommerce-modifications.php
[06-Jul-2025 14:32:36 UTC] InterSoccer: Included includes/admin-product-fields.php
[06-Jul-2025 14:32:36 UTC] InterSoccer: ajax-handlers.php loaded
[06-Jul-2025 14:32:36 UTC] InterSoccer: Included includes/ajax-handlers.php
[06-Jul-2025 14:32:36 UTC] InterSoccer: checkout.php file loaded
[06-Jul-2025 14:32:36 UTC] InterSoccer: Included includes/checkout.php
[06-Jul-2025 14:32:36 UTC] InterSoccer: Loading intersoccer-reports-rosters.php at 2025-07-06 16:32:36
[06-Jul-2025 14:32:36 UTC] InterSoccer: Successfully included includes/event-reports.php from /var/www/intersoccer.legit.ninja/wp-content/plugins/reports-rosters/includes/event-reports.php
[06-Jul-2025 14:32:36 UTC] InterSoccer: Successfully included includes/reports.php from /var/www/intersoccer.legit.ninja/wp-content/plugins/reports-rosters/includes/reports.php
[06-Jul-2025 14:32:36 UTC] InterSoccer: Loaded utils.php
[06-Jul-2025 14:32:36 UTC] InterSoccer: Successfully included includes/utils.php from /var/www/intersoccer.legit.ninja/wp-content/plugins/reports-rosters/includes/utils.php
[06-Jul-2025 14:32:36 UTC] InterSoccer: Successfully included includes/rosters.php from /var/www/intersoccer.legit.ninja/wp-content/plugins/reports-rosters/includes/rosters.php
[06-Jul-2025 14:32:36 UTC] InterSoccer: Successfully included includes/roster-data.php from /var/www/intersoccer.legit.ninja/wp-content/plugins/reports-rosters/includes/roster-data.php
[06-Jul-2025 14:32:36 UTC] InterSoccer: Successfully included includes/roster-details.php from /var/www/intersoccer.legit.ninja/wp-content/plugins/reports-rosters/includes/roster-details.php
[06-Jul-2025 14:32:36 UTC] InterSoccer: Successfully included includes/roster-export.php from /var/www/intersoccer.legit.ninja/wp-content/plugins/reports-rosters/includes/roster-export.php
[06-Jul-2025 14:32:36 UTC] InterSoccer: Successfully included includes/advanced.php from /var/www/intersoccer.legit.ninja/wp-content/plugins/reports-rosters/includes/advanced.php
[06-Jul-2025 14:32:36 UTC] InterSoccer: Successfully included includes/ajax-handlers.php from /var/www/intersoccer.legit.ninja/wp-content/plugins/reports-rosters/includes/ajax-handlers.php
[06-Jul-2025 14:32:36 UTC] InterSoccer: Registered manage-players endpoint
[06-Jul-2025 14:37:21 UTC] InterSoccer: Included includes/elementor-widgets.php
[06-Jul-2025 14:37:21 UTC] InterSoccer: Included includes/woocommerce-modifications.php
[06-Jul-2025 14:37:21 UTC] InterSoccer: Included includes/admin-product-fields.php
[06-Jul-2025 14:37:21 UTC] InterSoccer: ajax-handlers.php loaded
[06-Jul-2025 14:37:21 UTC] InterSoccer: Included includes/ajax-handlers.php
[06-Jul-2025 14:37:21 UTC] InterSoccer: checkout.php file loaded
[06-Jul-2025 14:37:21 UTC] InterSoccer: Included includes/checkout.php
[06-Jul-2025 14:37:21 UTC] InterSoccer: Loading intersoccer-reports-rosters.php at 2025-07-06 16:37:21
[06-Jul-2025 14:37:21 UTC] InterSoccer: Successfully included includes/event-reports.php from /var/www/intersoccer.legit.ninja/wp-content/plugins/reports-rosters/includes/event-reports.php
[06-Jul-2025 14:37:21 UTC] InterSoccer: Successfully included includes/reports.php from /var/www/intersoccer.legit.ninja/wp-content/plugins/reports-rosters/includes/reports.php
[06-Jul-2025 14:37:21 UTC] InterSoccer: Loaded utils.php
[06-Jul-2025 14:37:21 UTC] InterSoccer: Successfully included includes/utils.php from /var/www/intersoccer.legit.ninja/wp-content/plugins/reports-rosters/includes/utils.php
[06-Jul-2025 14:37:21 UTC] InterSoccer: Successfully included includes/rosters.php from /var/www/intersoccer.legit.ninja/wp-content/plugins/reports-rosters/includes/rosters.php
[06-Jul-2025 14:37:21 UTC] InterSoccer: Successfully included includes/roster-data.php from /var/www/intersoccer.legit.ninja/wp-content/plugins/reports-rosters/includes/roster-data.php
[06-Jul-2025 14:37:21 UTC] InterSoccer: Successfully included includes/roster-details.php from /var/www/intersoccer.legit.ninja/wp-content/plugins/reports-rosters/includes/roster-details.php
[06-Jul-2025 14:37:21 UTC] InterSoccer: Successfully included includes/roster-export.php from /var/www/intersoccer.legit.ninja/wp-content/plugins/reports-rosters/includes/roster-export.php
[06-Jul-2025 14:37:21 UTC] InterSoccer: Successfully included includes/advanced.php from /var/www/intersoccer.legit.ninja/wp-content/plugins/reports-rosters/includes/advanced.php
[06-Jul-2025 14:37:21 UTC] InterSoccer: Successfully included includes/ajax-handlers.php from /var/www/intersoccer.legit.ninja/wp-content/plugins/reports-rosters/includes/ajax-handlers.php
[06-Jul-2025 14:37:22 UTC] InterSoccer: Registered manage-players endpoint
[06-Jul-2025 14:37:22 UTC] InterSoccer: Included includes/elementor-widgets.php
[06-Jul-2025 14:37:22 UTC] InterSoccer: Included includes/woocommerce-modifications.php
[06-Jul-2025 14:37:22 UTC] InterSoccer: Included includes/admin-product-fields.php
[06-Jul-2025 14:37:22 UTC] InterSoccer: ajax-handlers.php loaded
[06-Jul-2025 14:37:22 UTC] InterSoccer: Included includes/ajax-handlers.php
[06-Jul-2025 14:37:22 UTC] InterSoccer: checkout.php file loaded
[06-Jul-2025 14:37:22 UTC] InterSoccer: Included includes/checkout.php
[06-Jul-2025 14:37:22 UTC] InterSoccer: Loading intersoccer-reports-rosters.php at 2025-07-06 16:37:22
[06-Jul-2025 14:37:22 UTC] InterSoccer: Successfully included includes/event-reports.php from /var/www/intersoccer.legit.ninja/wp-content/plugins/reports-rosters/includes/event-reports.php
[06-Jul-2025 14:37:22 UTC] InterSoccer: Successfully included includes/reports.php from /var/www/intersoccer.legit.ninja/wp-content/plugins/reports-rosters/includes/reports.php
[06-Jul-2025 14:37:22 UTC] InterSoccer: Loaded utils.php
[06-Jul-2025 14:37:22 UTC] InterSoccer: Successfully included includes/utils.php from /var/www/intersoccer.legit.ninja/wp-content/plugins/reports-rosters/includes/utils.php
[06-Jul-2025 14:37:22 UTC] InterSoccer: Successfully included includes/rosters.php from /var/www/intersoccer.legit.ninja/wp-content/plugins/reports-rosters/includes/rosters.php
[06-Jul-2025 14:37:22 UTC] InterSoccer: Successfully included includes/roster-data.php from /var/www/intersoccer.legit.ninja/wp-content/plugins/reports-rosters/includes/roster-data.php
[06-Jul-2025 14:37:22 UTC] InterSoccer: Successfully included includes/roster-details.php from /var/www/intersoccer.legit.ninja/wp-content/plugins/reports-rosters/includes/roster-details.php
[06-Jul-2025 14:37:22 UTC] InterSoccer: Successfully included includes/roster-export.php from /var/www/intersoccer.legit.ninja/wp-content/plugins/reports-rosters/includes/roster-export.php
[06-Jul-2025 14:37:22 UTC] InterSoccer: Successfully included includes/advanced.php from /var/www/intersoccer.legit.ninja/wp-content/plugins/reports-rosters/includes/advanced.php
[06-Jul-2025 14:37:22 UTC] InterSoccer: Successfully included includes/ajax-handlers.php from /var/www/intersoccer.legit.ninja/wp-content/plugins/reports-rosters/includes/ajax-handlers.php
[06-Jul-2025 14:37:22 UTC] InterSoccer: Registered manage-players endpoint
